<?xml version="1.0" encoding="UTF-8"?>
<!-- Generated by org.testng.reporters.JUnitReportReporter -->
<testsuite hostname="saran" failures="0" tests="3" name="SFD.Test.SubmitOrderTest" time="106.168" errors="0" timestamp="2024-01-16T06:55:00 IST" skipped="0">
  <testcase classname="SFD.Test.SubmitOrderTest" name="OrderHistoryTest" time="47.157"/>
  <testcase classname="SFD.Test.SubmitOrderTest" name="sumbitOrderTest" time="31.350"/>
  <testcase classname="SFD.Test.SubmitOrderTest" name="sumbitOrderTest" time="27.661"/>
</testsuite> <!-- SFD.Test.SubmitOrderTest -->
