<?xml version="1.0" encoding="UTF-8"?>
<!-- Generated by org.testng.reporters.JUnitReportReporter -->
<testsuite hostname="saran" failures="0" tests="1" name="Cucumber.TestngTestRunner" time="32.781" errors="0" timestamp="2024-01-16T17:21:32 IST" skipped="0">
  <testcase classname="Cucumber.TestngTestRunner" name="runScenario" time="32.781"/>
</testsuite> <!-- Cucumber.TestngTestRunner -->
