<?xml version="1.0" encoding="UTF-8"?>
<!-- Generated by org.testng.reporters.JUnitReportReporter -->
<testsuite hostname="saran" failures="0" tests="1" name="SFD.SubmitOrderTest" time="19.285" errors="0" timestamp="2024-01-15T07:46:02 IST" skipped="0">
  <testcase classname="SFD.SubmitOrderTest" name="sumbitOrderTest" time="19.285"/>
</testsuite> <!-- SFD.SubmitOrderTest -->
