<?xml version="1.0" encoding="UTF-8"?>
<!-- Generated by org.testng.reporters.JUnitReportReporter -->
<testsuite hostname="saran" failures="0" tests="1" name="SFD.TestComponents.Errorvalidation" time="11.975" errors="0" timestamp="2024-01-15T08:24:45 IST" skipped="0">
  <testcase classname="SFD.TestComponents.Errorvalidation" name="errorValidation" time="11.975"/>
</testsuite> <!-- SFD.TestComponents.Errorvalidation -->
